<?xml version="1.0" encoding="UTF-8"?>
<testng-results ignored="1" total="4" passed="3" failed="0" skipped="0">
  <reporter-output>
  </reporter-output>
  <suite started-at="2025-07-29T11:57:25 IST" name="Group Testing" finished-at="2025-07-29T11:57:35 IST" duration-ms="9525">
    <groups>
      <group name="smoke">
        <method signature="ManageNewsTest.verifyAddNewNewsWithValidData()[pri:0, instance:testscripts.ManageNewsTest@5b7a5baa]" name="verifyAddNewNewsWithValidData" class="testscripts.ManageNewsTest"/>
        <method signature="ManageNewsTest.verifyDeletingExistingNews()[pri:0, instance:testscripts.ManageNewsTest@5b7a5baa]" name="verifyDeletingExistingNews" class="testscripts.ManageNewsTest"/>
        <method signature="ManageNewsTest.verifySearchForExistingNews()[pri:0, instance:testscripts.ManageNewsTest@5b7a5baa]" name="verifySearchForExistingNews" class="testscripts.ManageNewsTest"/>
      </group> <!-- smoke -->
    </groups>
    <test started-at="2025-07-29T11:57:25 IST" name="Test1" finished-at="2025-07-29T11:57:35 IST" duration-ms="9525">
      <class name="testscripts.ManageNewsTest">
        <test-method is-config="true" signature="initializeBrowser(java.lang.String)[pri:0, instance:testscripts.ManageNewsTest@5b7a5baa]" started-at="2025-07-29T11:57:25 IST" name="initializeBrowser" finished-at="2025-07-29T11:57:27 IST" duration-ms="2111" status="PASS">
          <params>
            <param index="0">
              <value>
                <![CDATA[chrome]]>
              </value>
            </param>
          </params>
          <reporter-output>
          </reporter-output>
        </test-method> <!-- initializeBrowser -->
        <test-method signature="verifyAddNewNewsWithValidData()[pri:0, instance:testscripts.ManageNewsTest@5b7a5baa]" started-at="2025-07-29T11:57:27 IST" name="verifyAddNewNewsWithValidData" finished-at="2025-07-29T11:57:30 IST" duration-ms="2321" status="PASS">
          <reporter-output>
          </reporter-output>
        </test-method> <!-- verifyAddNewNewsWithValidData -->
        <test-method is-config="true" signature="driverQuit(org.testng.ITestResult)[pri:0, instance:testscripts.ManageNewsTest@5b7a5baa]" started-at="2025-07-29T11:57:30 IST" name="driverQuit" finished-at="2025-07-29T11:57:30 IST" duration-ms="1" status="PASS">
          <params>
            <param index="0">
              <value>
                <![CDATA[[TestResult name=verifyAddNewNewsWithValidData status=SUCCESS method=ManageNewsTest.verifyAddNewNewsWithValidData()[pri:0, instance:testscripts.ManageNewsTest@5b7a5baa] output={null}]]]>
              </value>
            </param>
          </params>
          <reporter-output>
          </reporter-output>
        </test-method> <!-- driverQuit -->
        <test-method is-config="true" signature="initializeBrowser(java.lang.String)[pri:0, instance:testscripts.ManageNewsTest@5b7a5baa]" started-at="2025-07-29T11:57:30 IST" name="initializeBrowser" finished-at="2025-07-29T11:57:31 IST" duration-ms="1194" status="PASS">
          <params>
            <param index="0">
              <value>
                <![CDATA[chrome]]>
              </value>
            </param>
          </params>
          <reporter-output>
          </reporter-output>
        </test-method> <!-- initializeBrowser -->
        <test-method signature="verifyDeletingExistingNews()[pri:0, instance:testscripts.ManageNewsTest@5b7a5baa]" started-at="2025-07-29T11:57:31 IST" name="verifyDeletingExistingNews" finished-at="2025-07-29T11:57:32 IST" duration-ms="1149" status="PASS">
          <reporter-output>
          </reporter-output>
        </test-method> <!-- verifyDeletingExistingNews -->
        <test-method is-config="true" signature="driverQuit(org.testng.ITestResult)[pri:0, instance:testscripts.ManageNewsTest@5b7a5baa]" started-at="2025-07-29T11:57:32 IST" name="driverQuit" finished-at="2025-07-29T11:57:32 IST" duration-ms="0" status="PASS">
          <params>
            <param index="0">
              <value>
                <![CDATA[[TestResult name=verifyDeletingExistingNews status=SUCCESS method=ManageNewsTest.verifyDeletingExistingNews()[pri:0, instance:testscripts.ManageNewsTest@5b7a5baa] output={null}]]]>
              </value>
            </param>
          </params>
          <reporter-output>
          </reporter-output>
        </test-method> <!-- driverQuit -->
        <test-method is-config="true" signature="initializeBrowser(java.lang.String)[pri:0, instance:testscripts.ManageNewsTest@5b7a5baa]" started-at="2025-07-29T11:57:32 IST" name="initializeBrowser" finished-at="2025-07-29T11:57:33 IST" duration-ms="1502" status="PASS">
          <params>
            <param index="0">
              <value>
                <![CDATA[chrome]]>
              </value>
            </param>
          </params>
          <reporter-output>
          </reporter-output>
        </test-method> <!-- initializeBrowser -->
        <test-method signature="verifySearchForExistingNews()[pri:0, instance:testscripts.ManageNewsTest@5b7a5baa]" started-at="2025-07-29T11:57:33 IST" name="verifySearchForExistingNews" finished-at="2025-07-29T11:57:35 IST" duration-ms="1190" status="PASS">
          <reporter-output>
          </reporter-output>
        </test-method> <!-- verifySearchForExistingNews -->
        <test-method is-config="true" signature="driverQuit(org.testng.ITestResult)[pri:0, instance:testscripts.ManageNewsTest@5b7a5baa]" started-at="2025-07-29T11:57:35 IST" name="driverQuit" finished-at="2025-07-29T11:57:35 IST" duration-ms="1" status="PASS">
          <params>
            <param index="0">
              <value>
                <![CDATA[[TestResult name=verifySearchForExistingNews status=SUCCESS method=ManageNewsTest.verifySearchForExistingNews()[pri:0, instance:testscripts.ManageNewsTest@5b7a5baa] output={null}]]]>
              </value>
            </param>
          </params>
          <reporter-output>
          </reporter-output>
        </test-method> <!-- driverQuit -->
      </class> <!-- testscripts.ManageNewsTest -->
    </test> <!-- Test1 -->
  </suite> <!-- Group Testing -->
</testng-results>
