<?xml version="1.0" encoding="UTF-8"?>
<!-- Generated by org.testng.reporters.JUnitXMLReporter -->
<testsuite ignored="1" hostname="LAPTOP-BMP6N64A" failures="0" tests="3" name="Test1" time="9.525" errors="0" timestamp="2025-07-29T11:57:35 IST">
  <testcase classname="testscripts.ManageNewsTest" name="verifyAddNewNewsWithValidData" time="2.321"/>
  <testcase classname="testscripts.ManageNewsTest" name="verifyDeletingExistingNews" time="1.149"/>
  <testcase classname="testscripts.ManageNewsTest" name="verifySearchForExistingNews" time="1.19"/>
  <testcase classname="testscripts.ManageNewsTest" name="verifyUpdatingExistingNews" time="0.0">
    <ignored/>
  </testcase> <!-- verifyUpdatingExistingNews -->
</testsuite> <!-- Test1 -->
